2017-11-30 13:33:26,733 - LogInfo - read risk result
2017-11-30 13:33:27,055 - LogInfo - Generate the report file out/2017-11-30.xls
2017-11-30 13:33:27,056 - LogInfo - start sending mail...
2017-11-30 13:33:27,319 - LogInfo - sending mail success
2017-11-30 13:34:17,944 - LogInfo - read risk result
2017-11-30 13:34:18,262 - LogInfo - Generate the report file out/2017-11-30.xls
2017-11-30 13:34:18,263 - LogInfo - start sending mail...
2017-11-30 13:34:18,556 - LogInfo - sending mail success
2017-11-30 13:34:18,559 - LogInfo - start push the task data...
2017-11-30 13:34:18,559 - LogInfo - [+] push targer domain phpstat.efunds.com.cn 
2017-11-30 13:36:32,671 - LogInfo - read risk result
2017-11-30 13:36:32,992 - LogInfo - Generate the report file out/2017-11-30.xls
2017-11-30 13:36:32,993 - LogInfo - start sending mail...
2017-11-30 13:36:33,190 - LogInfo - sending mail success
2017-11-30 14:53:47,482 - LogInfo - read risk result
2017-11-30 14:53:47,809 - LogInfo - Generate the report file out/2017-11-30.xls
2017-11-30 14:53:47,809 - LogInfo - start sending mail...
2017-11-30 14:53:48,006 - LogInfo - sending mail success
2017-11-30 14:53:48,006 - LogInfo - start push the task data...
2017-11-30 14:53:48,006 - LogInfo - [+] push targer domain www.test.com 
2017-11-30 15:09:24,053 - LogInfo - start sec scan target: phpstat.efunds.com.cn ...
2017-11-30 15:09:24,266 - LogInfo - start sec scan target: www.test.com ...
2017-11-30 15:09:29,506 - LogInfo - wvs sec scan finsh
2017-11-30 15:09:29,506 - LogInfo - start parse scan result
2017-11-30 15:09:29,528 - LogInfo - parse result error, error: [Errno 2] No such file or directory: 'E:\\test\\autoScanners\\git\\PublicSecScan\\lib/tmp/7164811/export.xml'
2017-11-30 15:09:29,529 - LogInfo - start push reslut into redis
2017-11-30 15:09:29,532 - LogInfo - Complete this task ,target: phpstat.efunds.com.cn ,find risk num: 0
